TN:
SF:/home/ward/open-wc/a11y-input/src/a11y-input.js
FN:4,(anonymous_0)
FN:11,(anonymous_1)
FN:16,(anonymous_2)
FN:23,(anonymous_3)
FN:32,(anonymous_4)
FNF:5
FNH:5
FNDA:1,(anonymous_0)
FNDA:7,(anonymous_1)
FNDA:5,(anonymous_2)
FNDA:5,(anonymous_3)
FNDA:5,(anonymous_4)
DA:5,1
DA:12,7
DA:13,7
DA:14,7
DA:17,5
DA:24,5
DA:25,5
DA:26,5
DA:27,0
DA:29,5
DA:33,5
DA:34,5
DA:35,5
DA:36,5
DA:37,5
DA:39,5
DA:40,5
DA:41,5
DA:45,1
LF:19
LH:18
BRDA:25,0,0,5
BRDA:25,0,1,0
BRDA:26,1,0,0
BRDA:26,1,1,5
BRF:4
BRH:2
end_of_record
TN:
SF:/home/ward/open-wc/a11y-input/src/my-app.js
FN:4,(anonymous_0)
FN:7,(anonymous_1)
FNF:2
FNH:2
FNDA:1,(anonymous_0)
FNDA:1,(anonymous_1)
DA:5,1
DA:8,1
DA:14,1
LF:3
LH:3
BRF:0
BRH:0
end_of_record
