TN:
SF:/home/ward/open-wc/a11y-input/src/a11y-input.js
FN:4,(anonymous_0)
FN:10,(anonymous_1)
FN:14,(anonymous_2)
FN:21,(anonymous_3)
FN:25,(anonymous_4)
FN:31,(anonymous_5)
FNF:6
FNH:5
FNDA:1,(anonymous_0)
FNDA:7,(anonymous_1)
FNDA:4,(anonymous_2)
FNDA:0,(anonymous_3)
FNDA:1,(anonymous_4)
FNDA:4,(anonymous_5)
DA:5,1
DA:11,7
DA:12,7
DA:15,4
DA:22,0
DA:26,1
DA:27,0
DA:29,1
DA:32,4
DA:33,4
DA:34,4
DA:35,4
DA:36,4
DA:38,4
DA:39,4
DA:40,4
DA:44,1
LF:17
LH:15
BRDA:26,0,0,0
BRDA:26,0,1,1
BRF:2
BRH:1
end_of_record
TN:
SF:/home/ward/open-wc/a11y-input/src/my-app.js
FN:4,(anonymous_0)
FNF:1
FNH:1
FNDA:1,(anonymous_0)
DA:5,1
DA:11,1
LF:2
LH:2
BRF:0
BRH:0
end_of_record
